[01m[K/home/joel/catkin_ws/src/dofbot_moveit/src/02_motion_plan.cpp:[m[K In function ‘[01m[Kint main(int, char**)[m[K’:
[01m[K/home/joel/catkin_ws/src/dofbot_moveit/src/02_motion_plan.cpp:57:60:[m[K [01;35m[Kwarning: [m[K‘[01m[Kusing MoveItErrorCode = class moveit::core::MoveItErrorCode[m[K’ is deprecated: Use moveit::core::MoveItErrorCode [[01;35m[K-Wdeprecated-declarations[m[K]
   57 |         const moveit::planning_interface::MoveItErrorCode &[01;35m[Kcode[m[K = dofbot.plan(plan);
      |                                                            [01;35m[K^~~~[m[K
In file included from [01m[K/home/joel/catkin_ws/src/dofbot_moveit/src/02_motion_plan.cpp:3[m[K:
[01m[K/opt/ros/noetic/include/moveit/move_group_interface/move_group_interface.h:64:7:[m[K [01;36m[Knote: [m[Kdeclared here
   64 | using [01;36m[KMoveItErrorCode[m[K [[deprecated("Use moveit::core::MoveItErrorCode")]] = moveit::core::MoveItErrorCode;
      |       [01;36m[K^~~~~~~~~~~~~~~[m[K
/usr/bin/ld: CMakeFiles/dofbot_kinematics_fk.dir/src/dofbot_kinematics_fk.cpp.o: in function `main':
dofbot_kinematics_fk.cpp:(.text+0xfb): undefined reference to `Dofbot::dofbot_getFK(char const*, std::vector<double, std::allocator<double> >&, std::vector<double, std::allocator<double> >&)'
collect2: error: ld returned 1 exit status
make[2]: *** [CMakeFiles/dofbot_kinematics_fk.dir/build.make:309: /home/joel/catkin_ws/devel/.private/dofbot_moveit/lib/dofbot_moveit/dofbot_kinematics_fk] Error 1
make[1]: *** [CMakeFiles/Makefile2:423: CMakeFiles/dofbot_kinematics_fk.dir/all] Error 2
make[1]: *** Waiting for unfinished jobs....
/usr/bin/ld: CMakeFiles/dofbot_kinematics_ik.dir/src/dofbot_kinematics_ik.cpp.o: in function `main':
dofbot_kinematics_ik.cpp:(.text+0x1ca): undefined reference to `Dofbot::dofbot_getIK(char const*, std::vector<double, std::allocator<double> >&, std::vector<double, std::allocator<double> >&, std::vector<double, std::allocator<double> >&)'
collect2: error: ld returned 1 exit status
make[2]: *** [CMakeFiles/dofbot_kinematics_ik.dir/build.make:309: /home/joel/catkin_ws/devel/.private/dofbot_moveit/lib/dofbot_moveit/dofbot_kinematics_ik] Error 1
make[1]: *** [CMakeFiles/Makefile2:395: CMakeFiles/dofbot_kinematics_ik.dir/all] Error 2
make: *** [Makefile:141: all] Error 2
