[ 10%] [34m[1mAutomatic MOC for target 02_motion_plan[0m
[ 10%] [34m[1mAutomatic MOC for target 01_random_move[0m
[ 20%] [34m[1mAutomatic MOC for target dofbot_kinematics_ik[0m
[ 20%] [34m[1mAutomatic MOC for target dofbot_kinematics_fk[0m
[ 25%] [34m[1mAutomatic MOC for target 03_attached_object[0m
[ 25%] Built target dofbot_kinematics_fk_autogen
[ 25%] Built target dofbot_kinematics_ik_autogen
[ 25%] Built target 02_motion_plan_autogen
[ 25%] Built target 01_random_move_autogen
[ 25%] Built target 03_attached_object_autogen
[ 35%] [32m[1mLinking CXX executable /home/joel/catkin_ws/devel/.private/dofbot_moveit/lib/dofbot_moveit/dofbot_kinematics_fk[0m
[ 35%] [32m[1mLinking CXX executable /home/joel/catkin_ws/devel/.private/dofbot_moveit/lib/dofbot_moveit/dofbot_kinematics_ik[0m
[ 60%] Built target 01_random_move
[ 65%] Built target 02_motion_plan
[ 80%] Built target 03_attached_object
/usr/bin/ld: cannot find -ldofbot_kinematics
collect2: error: ld returned 1 exit status
/usr/bin/ld: cannot find -ldofbot_kinematics
collect2: error: ld returned 1 exit status
make[2]: *** [CMakeFiles/dofbot_kinematics_ik.dir/build.make:204: /home/joel/catkin_ws/devel/.private/dofbot_moveit/lib/dofbot_moveit/dofbot_kinematics_ik] Error 1
make[2]: *** [CMakeFiles/dofbot_kinematics_fk.dir/build.make:204: /home/joel/catkin_ws/devel/.private/dofbot_moveit/lib/dofbot_moveit/dofbot_kinematics_fk] Error 1
make[1]: *** [CMakeFiles/Makefile2:300: CMakeFiles/dofbot_kinematics_ik.dir/all] Error 2
make[1]: *** Waiting for unfinished jobs....
make[1]: *** [CMakeFiles/Makefile2:327: CMakeFiles/dofbot_kinematics_fk.dir/all] Error 2
make: *** [Makefile:141: all] Error 2
